{"/Applications/MAMP/htdocs/finance-flow/finance-flow/api/app.js": {"path":"/Applications/MAMP/htdocs/finance-flow/finance-flow/api/app.js","statementMap":{"0":{"start":{"line":1,"column":16},"end":{"line":1,"column":34}},"1":{"start":{"line":2,"column":14},"end":{"line":2,"column":35}},"2":{"start":{"line":3,"column":12},"end":{"line":3,"column":21}},"3":{"start":{"line":4,"column":0},"end":{"line":4,"column":24}},"4":{"start":{"line":6,"column":21},"end":{"line":9,"column":1}},"5":{"start":{"line":11,"column":0},"end":{"line":13,"column":3}},"6":{"start":{"line":12,"column":2},"end":{"line":12,"column":29}},"7":{"start":{"line":15,"column":0},"end":{"line":17,"column":3}},"8":{"start":{"line":16,"column":2},"end":{"line":16,"column":25}},"9":{"start":{"line":19,"column":0},"end":{"line":41,"column":3}},"10":{"start":{"line":20,"column":28},"end":{"line":20,"column":42}},"11":{"start":{"line":21,"column":2},"end":{"line":23,"column":3}},"12":{"start":{"line":22,"column":4},"end":{"line":22,"column":62}},"13":{"start":{"line":24,"column":2},"end":{"line":36,"column":3}},"14":{"start":{"line":25,"column":14},"end":{"line":29,"column":6}},"15":{"start":{"line":30,"column":20},"end":{"line":30,"column":34}},"16":{"start":{"line":31,"column":4},"end":{"line":33,"column":5}},"17":{"start":{"line":32,"column":6},"end":{"line":32,"column":98}},"18":{"start":{"line":35,"column":4},"end":{"line":35,"column":65}},"19":{"start":{"line":37,"column":13},"end":{"line":37,"column":83}},"20":{"start":{"line":37,"column":69},"end":{"line":37,"column":73}},"21":{"start":{"line":38,"column":13},"end":{"line":38,"column":34}},"22":{"start":{"line":39,"column":2},"end":{"line":39,"column":24}},"23":{"start":{"line":40,"column":2},"end":{"line":40,"column":27}},"24":{"start":{"line":43,"column":0},"end":{"line":43,"column":21}}},"fnMap":{"0":{"name":"(anonymous_0)","decl":{"start":{"line":11,"column":23},"end":{"line":11,"column":24}},"loc":{"start":{"line":11,"column":37},"end":{"line":13,"column":1}},"line":11},"1":{"name":"(anonymous_1)","decl":{"start":{"line":15,"column":29},"end":{"line":15,"column":30}},"loc":{"start":{"line":15,"column":43},"end":{"line":17,"column":1}},"line":15},"2":{"name":"(anonymous_2)","decl":{"start":{"line":19,"column":30},"end":{"line":19,"column":31}},"loc":{"start":{"line":19,"column":50},"end":{"line":41,"column":1}},"line":19},"3":{"name":"(anonymous_3)","decl":{"start":{"line":37,"column":64},"end":{"line":37,"column":65}},"loc":{"start":{"line":37,"column":69},"end":{"line":37,"column":73}},"line":37}},"branchMap":{"0":{"loc":{"start":{"line":20,"column":28},"end":{"line":20,"column":42}},"type":"binary-expr","locations":[{"start":{"line":20,"column":28},"end":{"line":20,"column":36}},{"start":{"line":20,"column":40},"end":{"line":20,"column":42}}],"line":20},"1":{"loc":{"start":{"line":21,"column":2},"end":{"line":23,"column":3}},"type":"if","locations":[{"start":{"line":21,"column":2},"end":{"line":23,"column":3}},{"start":{},"end":{}}],"line":21},"2":{"loc":{"start":{"line":21,"column":6},"end":{"line":21,"column":61}},"type":"binary-expr","locations":[{"start":{"line":21,"column":6},"end":{"line":21,"column":31}},{"start":{"line":21,"column":35},"end":{"line":21,"column":61}}],"line":21},"3":{"loc":{"start":{"line":25,"column":26},"end":{"line":25,"column":84}},"type":"binary-expr","locations":[{"start":{"line":25,"column":26},"end":{"line":25,"column":48}},{"start":{"line":25,"column":52},"end":{"line":25,"column":84}}],"line":25},"4":{"loc":{"start":{"line":31,"column":4},"end":{"line":33,"column":5}},"type":"if","locations":[{"start":{"line":31,"column":4},"end":{"line":33,"column":5}},{"start":{},"end":{}}],"line":31},"5":{"loc":{"start":{"line":32,"column":67},"end":{"line":32,"column":94}},"type":"binary-expr","locations":[{"start":{"line":32,"column":67},"end":{"line":32,"column":81}},{"start":{"line":32,"column":85},"end":{"line":32,"column":94}}],"line":32},"6":{"loc":{"start":{"line":37,"column":13},"end":{"line":37,"column":83}},"type":"cond-expr","locations":[{"start":{"line":37,"column":35},"end":{"line":37,"column":79}},{"start":{"line":37,"column":82},"end":{"line":37,"column":83}}],"line":37}},"s":{"0":1,"1":1,"2":1,"3":1,"4":1,"5":1,"6":1,"7":1,"8":0,"9":1,"10":4,"11":4,"12":1,"13":3,"14":3,"15":2,"16":2,"17":1,"18":1,"19":1,"20":2,"21":1,"22":1,"23":1,"24":1},"f":{"0":1,"1":0,"2":4,"3":2},"b":{"0":[4,0],"1":[1,3],"2":[4,3],"3":[3,3],"4":[1,1],"5":[1,0],"6":[1,0]},"_coverageSchema":"1a1c01bbd47fc00a2c39e90264f33305004495a9","hash":"e9d2ea12aa9a9ab6db71e01482c6a1f16a08e28a"}
,"/Applications/MAMP/htdocs/finance-flow/finance-flow/src/utils/math.js": {"path":"/Applications/MAMP/htdocs/finance-flow/finance-flow/src/utils/math.js","statementMap":{"0":{"start":{"line":2,"column":2},"end":{"line":2,"column":15}},"1":{"start":{"line":6,"column":2},"end":{"line":6,"column":64}},"2":{"start":{"line":6,"column":55},"end":{"line":6,"column":64}},"3":{"start":{"line":7,"column":16},"end":{"line":7,"column":54}},"4":{"start":{"line":7,"column":43},"end":{"line":7,"column":50}},"5":{"start":{"line":8,"column":2},"end":{"line":8,"column":32}},"6":{"start":{"line":11,"column":0},"end":{"line":11,"column":34}}},"fnMap":{"0":{"name":"sum","decl":{"start":{"line":1,"column":9},"end":{"line":1,"column":12}},"loc":{"start":{"line":1,"column":19},"end":{"line":3,"column":1}},"line":1},"1":{"name":"average","decl":{"start":{"line":5,"column":9},"end":{"line":5,"column":16}},"loc":{"start":{"line":5,"column":26},"end":{"line":9,"column":1}},"line":5},"2":{"name":"(anonymous_2)","decl":{"start":{"line":7,"column":31},"end":{"line":7,"column":32}},"loc":{"start":{"line":7,"column":43},"end":{"line":7,"column":50}},"line":7}},"branchMap":{"0":{"loc":{"start":{"line":6,"column":2},"end":{"line":6,"column":64}},"type":"if","locations":[{"start":{"line":6,"column":2},"end":{"line":6,"column":64}},{"start":{},"end":{}}],"line":6},"1":{"loc":{"start":{"line":6,"column":6},"end":{"line":6,"column":53}},"type":"binary-expr","locations":[{"start":{"line":6,"column":6},"end":{"line":6,"column":29}},{"start":{"line":6,"column":33},"end":{"line":6,"column":53}}],"line":6}},"s":{"0":2,"1":3,"2":1,"3":2,"4":6,"5":2,"6":1},"f":{"0":2,"1":3,"2":6},"b":{"0":[1,2],"1":[3,3]},"_coverageSchema":"1a1c01bbd47fc00a2c39e90264f33305004495a9","hash":"6a54bfc18f1aab14afc3cace93a8d4f8a34295be"}
}
