TN:
SF:api/app.js
FN:11,(anonymous_0)
FN:15,(anonymous_1)
FN:19,(anonymous_2)
FN:37,(anonymous_3)
FNF:4
FNH:3
FNDA:1,(anonymous_0)
FNDA:0,(anonymous_1)
FNDA:4,(anonymous_2)
FNDA:2,(anonymous_3)
DA:1,1
DA:2,1
DA:3,1
DA:4,1
DA:6,1
DA:11,1
DA:12,1
DA:15,1
DA:16,0
DA:19,1
DA:20,4
DA:21,4
DA:22,1
DA:24,3
DA:25,3
DA:30,2
DA:31,2
DA:32,1
DA:35,1
DA:37,2
DA:38,1
DA:39,1
DA:40,1
DA:43,1
LF:24
LH:23
BRDA:20,0,0,4
BRDA:20,0,1,0
BRDA:21,1,0,1
BRDA:21,1,1,3
BRDA:21,2,0,4
BRDA:21,2,1,3
BRDA:25,3,0,3
BRDA:25,3,1,3
BRDA:31,4,0,1
BRDA:31,4,1,1
BRDA:32,5,0,1
BRDA:32,5,1,0
BRDA:37,6,0,1
BRDA:37,6,1,0
BRF:14
BRH:11
end_of_record
TN:
SF:src/utils/math.js
FN:1,sum
FN:5,average
FN:7,(anonymous_2)
FNF:3
FNH:3
FNDA:2,sum
FNDA:3,average
FNDA:6,(anonymous_2)
DA:2,2
DA:6,3
DA:7,6
DA:8,2
DA:11,1
LF:5
LH:5
BRDA:6,0,0,1
BRDA:6,0,1,2
BRDA:6,1,0,3
BRDA:6,1,1,3
BRF:4
BRH:4
end_of_record
